<?xml version="1.0" encoding="UTF-8"?>
<!-- Generated by org.testng.reporters.JUnitReportReporter -->
<testsuite skipped="0" hostname="DESKTOP-Q618TUO" name="com.anushka.anf.testCases.TC_LoginTest_001" tests="1" failures="0" timestamp="13 Oct 2020 04:28:45 GMT" time="3.573" errors="0">
  <testcase name="loginTest" time="3.573" classname="com.anushka.anf.testCases.TC_LoginTest_001"/>
</testsuite> <!-- com.anushka.anf.testCases.TC_LoginTest_001 -->
